<?xml version="1.0" encoding="UTF-8"?>
<!-- Generated by org.testng.reporters.JUnitXMLReporter -->
<testsuite ignored="12" hostname="MADHUMITHA" failures="0" tests="9" name="Default test" time="122.923" errors="0" timestamp="2023-02-26T00:29:21 IST">
  <testcase classname="testcases.ValidationTest" name="ValidationOnElement1" time="0.068"/>
  <testcase classname="testcases.ValidationTest" name="ValidationOnElement2" time="0.036"/>
  <testcase classname="testcases.ValidationTest" name="ValidationOnElement3" time="0.027"/>
  <testcase classname="testcases.Signuptest" name="Signup" time="5.866"/>
  <testcase classname="testcases.OneWayTest" name="FlightSearch" time="9.984"/>
  <testcase classname="testcases.FlightSelectionTest" name="BookFlight" time="7.84"/>
  <testcase classname="testcases.LoginTest" name="LoginwithValidCredentails" time="15.757"/>
  <testcase classname="testcases.LoginTest" name="LoginwithInvalidCredentials" time="20.335"/>
  <testcase classname="testcases.RoundtripTest" name="FlightSearch" time="1.924"/>
  <testcase classname="basedriver.BaseClass" name="@AfterSuite FinalTest" time="0.0">
    <ignored/>
  </testcase> <!-- @AfterSuite FinalTest -->
  <testcase classname="basedriver.BaseClass" name="@AfterSuite FinalTest" time="0.0">
    <ignored/>
  </testcase> <!-- @AfterSuite FinalTest -->
  <testcase classname="basedriver.BaseClass" name="@AfterSuite FinalTest" time="0.0">
    <ignored/>
  </testcase> <!-- @AfterSuite FinalTest -->
  <testcase classname="basedriver.BaseClass" name="@AfterSuite FinalTest" time="0.0">
    <ignored/>
  </testcase> <!-- @AfterSuite FinalTest -->
  <testcase classname="basedriver.BaseClass" name="@AfterSuite FinalTest" time="0.0">
    <ignored/>
  </testcase> <!-- @AfterSuite FinalTest -->
  <testcase classname="basedriver.BaseClass" name="@AfterSuite FinalTest" time="0.0">
    <ignored/>
  </testcase> <!-- @AfterSuite FinalTest -->
  <testcase classname="basedriver.BaseClass" name="@BeforeSuite TestInitializer" time="0.0">
    <ignored/>
  </testcase> <!-- @BeforeSuite TestInitializer -->
  <testcase classname="basedriver.BaseClass" name="@BeforeSuite TestInitializer" time="0.0">
    <ignored/>
  </testcase> <!-- @BeforeSuite TestInitializer -->
  <testcase classname="basedriver.BaseClass" name="@BeforeSuite TestInitializer" time="0.0">
    <ignored/>
  </testcase> <!-- @BeforeSuite TestInitializer -->
  <testcase classname="basedriver.BaseClass" name="@BeforeSuite TestInitializer" time="0.0">
    <ignored/>
  </testcase> <!-- @BeforeSuite TestInitializer -->
  <testcase classname="basedriver.BaseClass" name="@BeforeSuite TestInitializer" time="0.0">
    <ignored/>
  </testcase> <!-- @BeforeSuite TestInitializer -->
  <testcase classname="basedriver.BaseClass" name="@BeforeSuite TestInitializer" time="0.0">
    <ignored/>
  </testcase> <!-- @BeforeSuite TestInitializer -->
</testsuite> <!-- Default test -->
