<?xml version="1.0" encoding="UTF-8"?>
<testng-results ignored="12" total="21" passed="9" failed="0" skipped="0">
  <reporter-output>
  </reporter-output>
  <suite started-at="2023-02-26T00:27:18 IST" name="Default suite" finished-at="2023-02-26T00:29:21 IST" duration-ms="122923">
    <groups>
    </groups>
    <test started-at="2023-02-26T00:27:18 IST" name="Default test" finished-at="2023-02-26T00:29:21 IST" duration-ms="122923">
      <class name="testcases.ValidationTest">
        <test-method is-config="true" signature="TestInitializer()[pri:0, instance:testcases.ValidationTest@729d991e]" started-at="2023-02-26T00:27:18 IST" name="TestInitializer" finished-at="2023-02-26T00:27:18 IST" duration-ms="157" status="PASS">
          <reporter-output>
          </reporter-output>
        </test-method> <!-- TestInitializer -->
        <test-method is-config="true" signature="startup()[pri:0, instance:testcases.ValidationTest@729d991e]" started-at="2023-02-26T00:27:18 IST" name="startup" finished-at="2023-02-26T00:27:25 IST" duration-ms="6573" status="PASS">
          <reporter-output>
          </reporter-output>
        </test-method> <!-- startup -->
        <test-method signature="ValidationOnElement1()[pri:1, instance:testcases.ValidationTest@729d991e]" started-at="2023-02-26T00:27:25 IST" name="ValidationOnElement1" finished-at="2023-02-26T00:27:25 IST" duration-ms="68" status="PASS">
          <reporter-output>
          </reporter-output>
        </test-method> <!-- ValidationOnElement1 -->
        <test-method is-config="true" signature="testCloserIT(org.testng.ITestResult)[pri:0, instance:testcases.ValidationTest@729d991e]" started-at="2023-02-26T00:27:25 IST" name="testCloserIT" finished-at="2023-02-26T00:27:25 IST" duration-ms="294" status="PASS">
          <params>
            <param index="0">
              <value>
                <![CDATA[[TestResult name=ValidationOnElement1 status=SUCCESS method=ValidationTest.ValidationOnElement1()[pri:1, instance:testcases.ValidationTest@729d991e] output={null}]]]>
              </value>
            </param>
          </params>
          <reporter-output>
          </reporter-output>
        </test-method> <!-- testCloserIT -->
        <test-method is-config="true" signature="startup()[pri:0, instance:testcases.ValidationTest@729d991e]" started-at="2023-02-26T00:27:25 IST" name="startup" finished-at="2023-02-26T00:27:30 IST" duration-ms="5228" status="PASS">
          <reporter-output>
          </reporter-output>
        </test-method> <!-- startup -->
        <test-method signature="ValidationOnElement2()[pri:2, instance:testcases.ValidationTest@729d991e]" started-at="2023-02-26T00:27:30 IST" name="ValidationOnElement2" finished-at="2023-02-26T00:27:30 IST" duration-ms="36" status="PASS">
          <reporter-output>
          </reporter-output>
        </test-method> <!-- ValidationOnElement2 -->
        <test-method is-config="true" signature="testCloserIT(org.testng.ITestResult)[pri:0, instance:testcases.ValidationTest@729d991e]" started-at="2023-02-26T00:27:30 IST" name="testCloserIT" finished-at="2023-02-26T00:27:30 IST" duration-ms="193" status="PASS">
          <params>
            <param index="0">
              <value>
                <![CDATA[[TestResult name=ValidationOnElement2 status=SUCCESS method=ValidationTest.ValidationOnElement2()[pri:2, instance:testcases.ValidationTest@729d991e] output={null}]]]>
              </value>
            </param>
          </params>
          <reporter-output>
          </reporter-output>
        </test-method> <!-- testCloserIT -->
        <test-method is-config="true" signature="startup()[pri:0, instance:testcases.ValidationTest@729d991e]" started-at="2023-02-26T00:27:30 IST" name="startup" finished-at="2023-02-26T00:27:35 IST" duration-ms="4991" status="PASS">
          <reporter-output>
          </reporter-output>
        </test-method> <!-- startup -->
        <test-method signature="ValidationOnElement3()[pri:3, instance:testcases.ValidationTest@729d991e]" started-at="2023-02-26T00:27:35 IST" name="ValidationOnElement3" finished-at="2023-02-26T00:27:35 IST" duration-ms="27" status="PASS">
          <reporter-output>
          </reporter-output>
        </test-method> <!-- ValidationOnElement3 -->
        <test-method is-config="true" signature="testCloserIT(org.testng.ITestResult)[pri:0, instance:testcases.ValidationTest@729d991e]" started-at="2023-02-26T00:27:35 IST" name="testCloserIT" finished-at="2023-02-26T00:27:36 IST" duration-ms="187" status="PASS">
          <params>
            <param index="0">
              <value>
                <![CDATA[[TestResult name=ValidationOnElement3 status=SUCCESS method=ValidationTest.ValidationOnElement3()[pri:3, instance:testcases.ValidationTest@729d991e] output={null}]]]>
              </value>
            </param>
          </params>
          <reporter-output>
          </reporter-output>
        </test-method> <!-- testCloserIT -->
        <test-method is-config="true" signature="FinalTest()[pri:0, instance:testcases.ValidationTest@729d991e]" started-at="2023-02-26T00:29:21 IST" name="FinalTest" finished-at="2023-02-26T00:29:21 IST" duration-ms="390" status="PASS">
          <reporter-output>
          </reporter-output>
        </test-method> <!-- FinalTest -->
      </class> <!-- testcases.ValidationTest -->
      <class name="testcases.Signuptest">
        <test-method is-config="true" signature="startup()[pri:0, instance:testcases.Signuptest@36916eb0]" started-at="2023-02-26T00:27:36 IST" name="startup" finished-at="2023-02-26T00:27:40 IST" duration-ms="4359" status="PASS">
          <reporter-output>
          </reporter-output>
        </test-method> <!-- startup -->
        <test-method signature="Signup()[pri:0, instance:testcases.Signuptest@36916eb0]" started-at="2023-02-26T00:27:40 IST" name="Signup" finished-at="2023-02-26T00:27:46 IST" duration-ms="5866" status="PASS">
          <reporter-output>
          </reporter-output>
        </test-method> <!-- Signup -->
        <test-method is-config="true" signature="testCloserIT(org.testng.ITestResult)[pri:0, instance:testcases.Signuptest@36916eb0]" started-at="2023-02-26T00:27:46 IST" name="testCloserIT" finished-at="2023-02-26T00:27:46 IST" duration-ms="275" status="PASS">
          <params>
            <param index="0">
              <value>
                <![CDATA[[TestResult name=Signup status=SUCCESS method=Signuptest.Signup()[pri:0, instance:testcases.Signuptest@36916eb0] output={null}]]]>
              </value>
            </param>
          </params>
          <reporter-output>
          </reporter-output>
        </test-method> <!-- testCloserIT -->
      </class> <!-- testcases.Signuptest -->
      <class name="testcases.OneWayTest">
        <test-method is-config="true" signature="startup()[pri:0, instance:testcases.OneWayTest@7bab3f1a]" started-at="2023-02-26T00:27:46 IST" name="startup" finished-at="2023-02-26T00:27:52 IST" duration-ms="5914" status="PASS">
          <reporter-output>
          </reporter-output>
        </test-method> <!-- startup -->
        <test-method signature="FlightSearch()[pri:0, instance:testcases.OneWayTest@7bab3f1a]" started-at="2023-02-26T00:27:52 IST" name="FlightSearch" finished-at="2023-02-26T00:28:02 IST" duration-ms="9984" status="PASS">
          <reporter-output>
          </reporter-output>
        </test-method> <!-- FlightSearch -->
        <test-method is-config="true" signature="testCloserIT(org.testng.ITestResult)[pri:0, instance:testcases.OneWayTest@7bab3f1a]" started-at="2023-02-26T00:28:02 IST" name="testCloserIT" finished-at="2023-02-26T00:28:02 IST" duration-ms="389" status="PASS">
          <params>
            <param index="0">
              <value>
                <![CDATA[[TestResult name=FlightSearch status=SUCCESS method=OneWayTest.FlightSearch()[pri:0, instance:testcases.OneWayTest@7bab3f1a] output={null}]]]>
              </value>
            </param>
          </params>
          <reporter-output>
          </reporter-output>
        </test-method> <!-- testCloserIT -->
      </class> <!-- testcases.OneWayTest -->
      <class name="testcases.LoginTest">
        <test-method is-config="true" signature="startup()[pri:0, instance:testcases.LoginTest@12aba8be]" started-at="2023-02-26T00:28:15 IST" name="startup" finished-at="2023-02-26T00:28:33 IST" duration-ms="17834" status="PASS">
          <reporter-output>
          </reporter-output>
        </test-method> <!-- startup -->
        <test-method signature="LoginwithValidCredentails()[pri:1, instance:testcases.LoginTest@12aba8be]" started-at="2023-02-26T00:28:33 IST" name="LoginwithValidCredentails" finished-at="2023-02-26T00:28:49 IST" duration-ms="15757" status="PASS">
          <reporter-output>
          </reporter-output>
        </test-method> <!-- LoginwithValidCredentails -->
        <test-method is-config="true" signature="testCloserIT(org.testng.ITestResult)[pri:0, instance:testcases.LoginTest@12aba8be]" started-at="2023-02-26T00:28:49 IST" name="testCloserIT" finished-at="2023-02-26T00:28:49 IST" duration-ms="415" status="PASS">
          <params>
            <param index="0">
              <value>
                <![CDATA[[TestResult name=LoginwithValidCredentails status=SUCCESS method=LoginTest.LoginwithValidCredentails()[pri:1, instance:testcases.LoginTest@12aba8be] output={null}]]]>
              </value>
            </param>
          </params>
          <reporter-output>
          </reporter-output>
        </test-method> <!-- testCloserIT -->
        <test-method is-config="true" signature="startup()[pri:0, instance:testcases.LoginTest@12aba8be]" started-at="2023-02-26T00:28:49 IST" name="startup" finished-at="2023-02-26T00:28:54 IST" duration-ms="4295" status="PASS">
          <reporter-output>
          </reporter-output>
        </test-method> <!-- startup -->
        <test-method signature="LoginwithInvalidCredentials()[pri:2, instance:testcases.LoginTest@12aba8be]" started-at="2023-02-26T00:28:54 IST" name="LoginwithInvalidCredentials" finished-at="2023-02-26T00:29:14 IST" duration-ms="20335" status="PASS">
          <reporter-output>
          </reporter-output>
        </test-method> <!-- LoginwithInvalidCredentials -->
        <test-method is-config="true" signature="testCloserIT(org.testng.ITestResult)[pri:0, instance:testcases.LoginTest@12aba8be]" started-at="2023-02-26T00:29:14 IST" name="testCloserIT" finished-at="2023-02-26T00:29:14 IST" duration-ms="384" status="PASS">
          <params>
            <param index="0">
              <value>
                <![CDATA[[TestResult name=LoginwithInvalidCredentials status=SUCCESS method=LoginTest.LoginwithInvalidCredentials()[pri:2, instance:testcases.LoginTest@12aba8be] output={null}]]]>
              </value>
            </param>
          </params>
          <reporter-output>
          </reporter-output>
        </test-method> <!-- testCloserIT -->
      </class> <!-- testcases.LoginTest -->
      <class name="testcases.RoundtripTest">
        <test-method is-config="true" signature="startup()[pri:0, instance:testcases.RoundtripTest@290222c1]" started-at="2023-02-26T00:29:14 IST" name="startup" finished-at="2023-02-26T00:29:19 IST" duration-ms="4553" status="PASS">
          <reporter-output>
          </reporter-output>
        </test-method> <!-- startup -->
        <test-method signature="FlightSearch()[pri:0, instance:testcases.RoundtripTest@290222c1]" started-at="2023-02-26T00:29:19 IST" name="FlightSearch" finished-at="2023-02-26T00:29:21 IST" duration-ms="1924" status="PASS">
          <reporter-output>
          </reporter-output>
        </test-method> <!-- FlightSearch -->
        <test-method is-config="true" signature="testCloserIT(org.testng.ITestResult)[pri:0, instance:testcases.RoundtripTest@290222c1]" started-at="2023-02-26T00:29:21 IST" name="testCloserIT" finished-at="2023-02-26T00:29:21 IST" duration-ms="184" status="PASS">
          <params>
            <param index="0">
              <value>
                <![CDATA[[TestResult name=FlightSearch status=SUCCESS method=RoundtripTest.FlightSearch()[pri:0, instance:testcases.RoundtripTest@290222c1] output={null}]]]>
              </value>
            </param>
          </params>
          <reporter-output>
          </reporter-output>
        </test-method> <!-- testCloserIT -->
      </class> <!-- testcases.RoundtripTest -->
      <class name="testcases.FlightSelectionTest">
        <test-method is-config="true" signature="startup()[pri:0, instance:testcases.FlightSelectionTest@23c30a20]" started-at="2023-02-26T00:28:02 IST" name="startup" finished-at="2023-02-26T00:28:07 IST" duration-ms="4641" status="PASS">
          <reporter-output>
          </reporter-output>
        </test-method> <!-- startup -->
        <test-method signature="BookFlight()[pri:0, instance:testcases.FlightSelectionTest@23c30a20]" started-at="2023-02-26T00:28:07 IST" name="BookFlight" finished-at="2023-02-26T00:28:15 IST" duration-ms="7840" status="PASS">
          <reporter-output>
          </reporter-output>
        </test-method> <!-- BookFlight -->
        <test-method is-config="true" signature="testCloserIT(org.testng.ITestResult)[pri:0, instance:testcases.FlightSelectionTest@23c30a20]" started-at="2023-02-26T00:28:15 IST" name="testCloserIT" finished-at="2023-02-26T00:28:15 IST" duration-ms="337" status="PASS">
          <params>
            <param index="0">
              <value>
                <![CDATA[[TestResult name=BookFlight status=SUCCESS method=FlightSelectionTest.BookFlight()[pri:0, instance:testcases.FlightSelectionTest@23c30a20] output={null}]]]>
              </value>
            </param>
          </params>
          <reporter-output>
          </reporter-output>
        </test-method> <!-- testCloserIT -->
      </class> <!-- testcases.FlightSelectionTest -->
    </test> <!-- Default test -->
  </suite> <!-- Default suite -->
</testng-results>
